Running: d:\Xilinx\14.6\ISE_DS\ISE\bin\nt64\unwrapped\fuse.exe -intstyle ise -incremental -lib unisims_ver -lib unimacro_ver -lib xilinxcorelib_ver -o D:/Xilinx/Projects/hazi_uj/test_isim_beh.exe -prj D:/Xilinx/Projects/hazi_uj/test_beh.prj work.test work.glbl 
ISim P.68d (signature 0x7708f090)
Number of CPUs detected in this system: 4
Turning on mult-threading, number of parallel sub-compilation jobs: 8 
Determining compilation order of HDL files
Analyzing Verilog file "D:/Xilinx/Projects/hazi_uj/mpx.v" into library work
Analyzing Verilog file "D:/Xilinx/Projects/hazi_uj/cntr.v" into library work
Analyzing Verilog file "D:/Xilinx/Projects/hazi_uj/top.v" into library work
Analyzing Verilog file "D:/Xilinx/Projects/hazi_uj/test.v" into library work
Analyzing Verilog file "d:/Xilinx/14.6/ISE_DS/ISE//verilog/src/glbl.v" into library work
Starting static elaboration
Completed static elaboration
Compiling module cntr
Compiling module mpx
Compiling module top
Compiling module test
Compiling module glbl
Time Resolution for simulation is 1ps.
Compiled 5 Verilog Units
Built simulation executable D:/Xilinx/Projects/hazi_uj/test_isim_beh.exe
Fuse Memory Usage: 25560 KB
Fuse CPU Usage: 1561 ms
